<?xml version="1.0" encoding="UTF-8"?>
<testng-results ignored="0" total="1" passed="1" failed="0" skipped="0">
  <reporter-output>
  </reporter-output>
  <suite started-at="2020-06-13T10:31:09Z" name="Default suite" finished-at="2020-06-13T10:31:40Z" duration-ms="30794">
    <groups>
    </groups>
    <test started-at="2020-06-13T10:31:09Z" name="Default test" finished-at="2020-06-13T10:31:40Z" duration-ms="30794">
      <class name="com.cloudthing.technical.coderound.TestCases.CloudThing">
        <test-method is-config="true" signature="baseTest()[pri:0, instance:com.cloudthing.technical.coderound.TestCases.CloudThing@36916eb0]" started-at="2020-06-13T10:31:09Z" name="baseTest" finished-at="2020-06-13T10:31:27Z" duration-ms="17606" status="PASS">
          <reporter-output>
          </reporter-output>
        </test-method> <!-- baseTest -->
        <test-method signature="submitResume()[pri:0, instance:com.cloudthing.technical.coderound.TestCases.CloudThing@36916eb0]" started-at="2020-06-13T10:31:27Z" name="submitResume" finished-at="2020-06-13T10:31:39Z" duration-ms="12409" status="PASS">
          <reporter-output>
          </reporter-output>
        </test-method> <!-- submitResume -->
        <test-method is-config="true" signature="quitBrowser()[pri:0, instance:com.cloudthing.technical.coderound.TestCases.CloudThing@36916eb0]" started-at="2020-06-13T10:31:39Z" name="quitBrowser" finished-at="2020-06-13T10:31:40Z" duration-ms="702" status="PASS">
          <reporter-output>
          </reporter-output>
        </test-method> <!-- quitBrowser -->
      </class> <!-- com.cloudthing.technical.coderound.TestCases.CloudThing -->
    </test> <!-- Default test -->
  </suite> <!-- Default suite -->
</testng-results>
